<?xml version="1.0" encoding="UTF-8"?>
<!-- Generated by org.testng.reporters.JUnitXMLReporter -->
<testsuite hostname="GGN000190162001" ignored="0" name="Test" tests="4" failures="1" timestamp="08 Aug 2020 05:38:22 GMT" time="67.916" errors="0">
  <testcase name="bookTicketForRedBus" time="12.789" classname="tests.RedBushomePageTest"/>
  <testcase name="checkLogoOfRedBusHomePage" time="0.001" classname="tests.RedBushomePageTest">
    <skipped/>
  </testcase> <!-- checkLogoOfRedBusHomePage -->
  <testcase name="checkTitleOfRedBusHomePage" time="0.536" classname="tests.RedBushomePageTest">
    <failure type="java.lang.AssertionError" message="expected [Boo Bus Travels, AC Volvo Bus, rPool &amp;amp; Bus Hire - redBus India] but found [Book Bus Travels, AC Volvo Bus, rPool &amp;amp; Bus Hire - redBus India]">
      <![CDATA[java.lang.AssertionError: expected [Boo Bus Travels, AC Volvo Bus, rPool & Bus Hire - redBus India] but found [Book Bus Travels, AC Volvo Bus, rPool & Bus Hire - redBus India]
at tests.RedBushomePageTest.checkTitleOfRedBusHomePage(RedBushomePageTest.java:43)
... Removed 40 stack frames]]>
    </failure>
  </testcase> <!-- checkTitleOfRedBusHomePage -->
  <testcase name="bookTicketForPilgrimage" time="27.928" classname="tests.PilTest"/>
</testsuite> <!-- Test -->
