<?xml version="1.0" encoding="UTF-8"?>
<testng-results skipped="1" failed="1" ignored="0" total="4" passed="2">
  <reporter-output>
  </reporter-output>
  <suite name="Suite" duration-ms="67916" started-at="2020-08-08T05:37:14Z" finished-at="2020-08-08T05:38:22Z">
    <groups>
    </groups>
    <test name="Test" duration-ms="67916" started-at="2020-08-08T05:37:14Z" finished-at="2020-08-08T05:38:22Z">
      <class name="tests.RedBushomePageTest">
        <test-method status="PASS" signature="launchDriver()[pri:0, instance:tests.RedBushomePageTest@79924b]" name="launchDriver" is-config="true" duration-ms="6155" started-at="2020-08-08T05:37:14Z" finished-at="2020-08-08T05:37:20Z">
          <reporter-output>
          </reporter-output>
        </test-method> <!-- launchDriver -->
        <test-method status="PASS" signature="launchURL()[pri:0, instance:tests.RedBushomePageTest@79924b]" name="launchURL" is-config="true" duration-ms="2558" started-at="2020-08-08T05:37:20Z" finished-at="2020-08-08T05:37:23Z">
          <reporter-output>
          </reporter-output>
        </test-method> <!-- launchURL -->
        <test-method status="PASS" signature="bookTicketForRedBus()[pri:0, instance:tests.RedBushomePageTest@79924b]" name="bookTicketForRedBus" duration-ms="12789" started-at="2020-08-08T05:37:23Z" finished-at="2020-08-08T05:37:35Z">
          <reporter-output>
          </reporter-output>
        </test-method> <!-- bookTicketForRedBus -->
        <test-method status="PASS" signature="launchURL()[pri:0, instance:tests.RedBushomePageTest@79924b]" name="launchURL" is-config="true" duration-ms="891" started-at="2020-08-08T05:37:35Z" finished-at="2020-08-08T05:37:36Z">
          <reporter-output>
          </reporter-output>
        </test-method> <!-- launchURL -->
        <test-method status="SKIP" signature="checkLogoOfRedBusHomePage()[pri:0, instance:tests.RedBushomePageTest@79924b]" name="checkLogoOfRedBusHomePage" duration-ms="1" started-at="2020-08-08T05:37:36Z" finished-at="2020-08-08T05:37:36Z">
          <exception class="org.testng.SkipException">
            <message>
              <![CDATA[It is skipped as implementation is going on]]>
            </message>
            <full-stacktrace>
              <![CDATA[org.testng.SkipException: It is skipped as implementation is going on
at tests.RedBushomePageTest.checkLogoOfRedBusHomePage(RedBushomePageTest.java:49)
at sun.reflect.NativeMethodAccessorImpl.invoke0(Native Method)
at sun.reflect.NativeMethodAccessorImpl.invoke(NativeMethodAccessorImpl.java:62)
at sun.reflect.DelegatingMethodAccessorImpl.invoke(DelegatingMethodAccessorImpl.java:43)
at java.lang.reflect.Method.invoke(Method.java:498)
at org.testng.internal.MethodInvocationHelper.invokeMethod(MethodInvocationHelper.java:124)
at org.testng.internal.Invoker.invokeMethod(Invoker.java:583)
at org.testng.internal.Invoker.invokeTestMethod(Invoker.java:719)
at org.testng.internal.Invoker.invokeTestMethods(Invoker.java:989)
at org.testng.internal.TestMethodWorker.invokeTestMethods(TestMethodWorker.java:125)
at org.testng.internal.TestMethodWorker.run(TestMethodWorker.java:109)
at org.testng.TestRunner.privateRun(TestRunner.java:648)
at org.testng.TestRunner.run(TestRunner.java:505)
at org.testng.SuiteRunner.runTest(SuiteRunner.java:455)
at org.testng.SuiteRunner.runSequentially(SuiteRunner.java:450)
at org.testng.SuiteRunner.privateRun(SuiteRunner.java:415)
at org.testng.SuiteRunner.run(SuiteRunner.java:364)
at org.testng.SuiteRunnerWorker.runSuite(SuiteRunnerWorker.java:52)
at org.testng.SuiteRunnerWorker.run(SuiteRunnerWorker.java:84)
at org.testng.TestNG.runSuitesSequentially(TestNG.java:1208)
at org.testng.TestNG.runSuitesLocally(TestNG.java:1137)
at org.testng.TestNG.runSuites(TestNG.java:1049)
at org.testng.TestNG.run(TestNG.java:1017)
at org.apache.maven.surefire.testng.TestNGExecutor.run(TestNGExecutor.java:178)
at org.apache.maven.surefire.testng.TestNGXmlTestSuite.execute(TestNGXmlTestSuite.java:92)
at org.apache.maven.surefire.testng.TestNGProvider.invoke(TestNGProvider.java:96)
at sun.reflect.NativeMethodAccessorImpl.invoke0(Native Method)
at sun.reflect.NativeMethodAccessorImpl.invoke(NativeMethodAccessorImpl.java:62)
at sun.reflect.DelegatingMethodAccessorImpl.invoke(DelegatingMethodAccessorImpl.java:43)
at java.lang.reflect.Method.invoke(Method.java:498)
at org.apache.maven.surefire.util.ReflectionUtils.invokeMethodWithArray(ReflectionUtils.java:189)
at org.apache.maven.surefire.booter.ProviderFactory$ProviderProxy.invoke(ProviderFactory.java:165)
at org.apache.maven.surefire.booter.ProviderFactory.invokeProvider(ProviderFactory.java:85)
at org.apache.maven.surefire.booter.ForkedBooter.runSuitesInProcess(ForkedBooter.java:115)
at org.apache.maven.surefire.booter.ForkedBooter.main(ForkedBooter.java:75)
]]>
            </full-stacktrace>
          </exception> <!-- org.testng.SkipException -->
          <reporter-output>
          </reporter-output>
        </test-method> <!-- checkLogoOfRedBusHomePage -->
        <test-method status="PASS" signature="launchURL()[pri:0, instance:tests.RedBushomePageTest@79924b]" name="launchURL" is-config="true" duration-ms="509" started-at="2020-08-08T05:37:36Z" finished-at="2020-08-08T05:37:37Z">
          <reporter-output>
          </reporter-output>
        </test-method> <!-- launchURL -->
        <test-method status="FAIL" signature="checkTitleOfRedBusHomePage()[pri:0, instance:tests.RedBushomePageTest@79924b]" name="checkTitleOfRedBusHomePage" duration-ms="536" started-at="2020-08-08T05:37:37Z" finished-at="2020-08-08T05:37:37Z">
          <exception class="java.lang.AssertionError">
            <message>
              <![CDATA[expected [Boo Bus Travels, AC Volvo Bus, rPool & Bus Hire - redBus India] but found [Book Bus Travels, AC Volvo Bus, rPool & Bus Hire - redBus India]]]>
            </message>
            <full-stacktrace>
              <![CDATA[java.lang.AssertionError: expected [Boo Bus Travels, AC Volvo Bus, rPool & Bus Hire - redBus India] but found [Book Bus Travels, AC Volvo Bus, rPool & Bus Hire - redBus India]
at org.testng.Assert.fail(Assert.java:96)
at org.testng.Assert.failNotEquals(Assert.java:776)
at org.testng.Assert.assertEqualsImpl(Assert.java:137)
at org.testng.Assert.assertEquals(Assert.java:118)
at org.testng.Assert.assertEquals(Assert.java:453)
at org.testng.Assert.assertEquals(Assert.java:463)
at tests.RedBushomePageTest.checkTitleOfRedBusHomePage(RedBushomePageTest.java:43)
at sun.reflect.NativeMethodAccessorImpl.invoke0(Native Method)
at sun.reflect.NativeMethodAccessorImpl.invoke(NativeMethodAccessorImpl.java:62)
at sun.reflect.DelegatingMethodAccessorImpl.invoke(DelegatingMethodAccessorImpl.java:43)
at java.lang.reflect.Method.invoke(Method.java:498)
at org.testng.internal.MethodInvocationHelper.invokeMethod(MethodInvocationHelper.java:124)
at org.testng.internal.Invoker.invokeMethod(Invoker.java:583)
at org.testng.internal.Invoker.invokeTestMethod(Invoker.java:719)
at org.testng.internal.Invoker.invokeTestMethods(Invoker.java:989)
at org.testng.internal.TestMethodWorker.invokeTestMethods(TestMethodWorker.java:125)
at org.testng.internal.TestMethodWorker.run(TestMethodWorker.java:109)
at org.testng.TestRunner.privateRun(TestRunner.java:648)
at org.testng.TestRunner.run(TestRunner.java:505)
at org.testng.SuiteRunner.runTest(SuiteRunner.java:455)
at org.testng.SuiteRunner.runSequentially(SuiteRunner.java:450)
at org.testng.SuiteRunner.privateRun(SuiteRunner.java:415)
at org.testng.SuiteRunner.run(SuiteRunner.java:364)
at org.testng.SuiteRunnerWorker.runSuite(SuiteRunnerWorker.java:52)
at org.testng.SuiteRunnerWorker.run(SuiteRunnerWorker.java:84)
at org.testng.TestNG.runSuitesSequentially(TestNG.java:1208)
at org.testng.TestNG.runSuitesLocally(TestNG.java:1137)
at org.testng.TestNG.runSuites(TestNG.java:1049)
at org.testng.TestNG.run(TestNG.java:1017)
at org.apache.maven.surefire.testng.TestNGExecutor.run(TestNGExecutor.java:178)
at org.apache.maven.surefire.testng.TestNGXmlTestSuite.execute(TestNGXmlTestSuite.java:92)
at org.apache.maven.surefire.testng.TestNGProvider.invoke(TestNGProvider.java:96)
at sun.reflect.NativeMethodAccessorImpl.invoke0(Native Method)
at sun.reflect.NativeMethodAccessorImpl.invoke(NativeMethodAccessorImpl.java:62)
at sun.reflect.DelegatingMethodAccessorImpl.invoke(DelegatingMethodAccessorImpl.java:43)
at java.lang.reflect.Method.invoke(Method.java:498)
at org.apache.maven.surefire.util.ReflectionUtils.invokeMethodWithArray(ReflectionUtils.java:189)
at org.apache.maven.surefire.booter.ProviderFactory$ProviderProxy.invoke(ProviderFactory.java:165)
at org.apache.maven.surefire.booter.ProviderFactory.invokeProvider(ProviderFactory.java:85)
at org.apache.maven.surefire.booter.ForkedBooter.runSuitesInProcess(ForkedBooter.java:115)
at org.apache.maven.surefire.booter.ForkedBooter.main(ForkedBooter.java:75)
]]>
            </full-stacktrace>
          </exception> <!-- java.lang.AssertionError -->
          <reporter-output>
          </reporter-output>
        </test-method> <!-- checkTitleOfRedBusHomePage -->
        <test-method status="PASS" signature="closeDriver()[pri:0, instance:tests.RedBushomePageTest@79924b]" name="closeDriver" is-config="true" duration-ms="2572" started-at="2020-08-08T05:37:43Z" finished-at="2020-08-08T05:37:46Z">
          <reporter-output>
          </reporter-output>
        </test-method> <!-- closeDriver -->
      </class> <!-- tests.RedBushomePageTest -->
      <class name="tests.PilTest">
        <test-method status="PASS" signature="launchDriver()[pri:0, instance:tests.PilTest@7b9a4292]" name="launchDriver" is-config="true" duration-ms="4925" started-at="2020-08-08T05:37:46Z" finished-at="2020-08-08T05:37:51Z">
          <reporter-output>
          </reporter-output>
        </test-method> <!-- launchDriver -->
        <test-method status="PASS" signature="launchURL()[pri:0, instance:tests.PilTest@7b9a4292]" name="launchURL" is-config="true" duration-ms="2820" started-at="2020-08-08T05:37:51Z" finished-at="2020-08-08T05:37:54Z">
          <reporter-output>
          </reporter-output>
        </test-method> <!-- launchURL -->
        <test-method status="PASS" signature="bookTicketForPilgrimage()[pri:0, instance:tests.PilTest@7b9a4292]" name="bookTicketForPilgrimage" duration-ms="27928" started-at="2020-08-08T05:37:54Z" finished-at="2020-08-08T05:38:22Z">
          <reporter-output>
          </reporter-output>
        </test-method> <!-- bookTicketForPilgrimage -->
        <test-method status="PASS" signature="closeDriver()[pri:0, instance:tests.PilTest@7b9a4292]" name="closeDriver" is-config="true" duration-ms="113" started-at="2020-08-08T05:38:22Z" finished-at="2020-08-08T05:38:22Z">
          <reporter-output>
          </reporter-output>
        </test-method> <!-- closeDriver -->
      </class> <!-- tests.PilTest -->
    </test> <!-- Test -->
  </suite> <!-- Suite -->
</testng-results>
