<!DOCTYPE html PUBLIC "-//W3C//DTD XHTML 1.1//EN" "http://www.w3.org/TR/xhtml11/DTD/xhtml11.dtd">
<html xmlns="http://www.w3.org/1999/xhtml">
<head>
<meta http-equiv="content-type" content="text/html; charset=UTF-8"/>
<title>TestNG Report</title>
<style type="text/css">table {margin-bottom:10px;border-collapse:collapse;empty-cells:show}th,td {border:1px solid #009;padding:.25em .5em}th {vertical-align:bottom}td {vertical-align:top}table a {font-weight:bold}.stripe td {background-color: #E6EBF9}.num {text-align:right}.passedodd td {background-color: #3F3}.passedeven td {background-color: #0A0}.skippedodd td {background-color: #DDD}.skippedeven td {background-color: #CCC}.failedodd td,.attn {background-color: #F33}.failedeven td,.stripe .attn {background-color: #D00}.stacktrace {white-space:pre;font-family:monospace}.totop {font-size:85%;text-align:center;border-bottom:2px solid #000}.invisible {display:none}</style>
</head>
<body>
<table>
<tr><th>Test</th><th># Passed</th><th># Skipped</th><th># Failed</th><th>Time (ms)</th><th>Included Groups</th><th>Excluded Groups</th></tr>
<tr><th colspan="7">Suite</th></tr>
<tr><td><a href="#t0">Test</a></td><td class="num">2</td><td class="num attn">1</td><td class="num attn">1</td><td class="num">67,026</td><td></td><td></td></tr>
</table>
<table id='summary'><thead><tr><th>Class</th><th>Method</th><th>Start</th><th>Time (ms)</th></tr></thead><tbody><tr><th colspan="4">Suite</th></tr></tbody><tbody id="t0"><tr><th colspan="4">Test &#8212; failed</th></tr><tr class="failedeven"><td rowspan="1">tests.RedBushomePageTest</td><td><a href="#m0">checkTitleOfRedBusHomePage</a></td><td rowspan="1">1596262722231</td><td rowspan="1">164</td></tr><tr><th colspan="4">Test &#8212; skipped</th></tr><tr class="skippedeven"><td rowspan="1">tests.RedBushomePageTest</td><td><a href="#m1">checkLogoOfRedBusHomePage</a></td><td rowspan="1">1596262719434</td><td rowspan="1">3</td></tr><tr><th colspan="4">Test &#8212; passed</th></tr><tr class="passedeven"><td rowspan="1">tests.PilTest</td><td><a href="#m2">bookTicketForPilgrimage</a></td><td rowspan="1">1596262738885</td><td rowspan="1">24448</td></tr><tr class="passedodd"><td rowspan="1">tests.RedBushomePageTest</td><td><a href="#m3">bookTicketForRedBus</a></td><td rowspan="1">1596262707014</td><td rowspan="1">11602</td></tr></tbody>
</table>
<h2>Test</h2><h3 id="m0">tests.RedBushomePageTest#checkTitleOfRedBusHomePage</h3><table class="result"><tr><th>Exception</th></tr><tr><td><div class="stacktrace">java.lang.AssertionError: expected [Boo Bus Travels, AC Volvo Bus, rPool &amp; Bus Hire - redBus India] but found [Book Bus Travels, AC Volvo Bus, rPool &amp; Bus Hire - redBus India]
	at tests.RedBushomePageTest.checkTitleOfRedBusHomePage(RedBushomePageTest.java:43)
... Removed 31 stack frames</div></td></tr></table><p class="totop"><a href="#summary">back to summary</a></p>
<h3 id="m1">tests.RedBushomePageTest#checkLogoOfRedBusHomePage</h3><table class="result"><tr><th>Exception</th></tr><tr><td><div class="stacktrace">org.testng.SkipException: It is skipped as implementation is going on
	at tests.RedBushomePageTest.checkLogoOfRedBusHomePage(RedBushomePageTest.java:49)
... Removed 25 stack frames</div></td></tr></table><p class="totop"><a href="#summary">back to summary</a></p>
<h3 id="m2">tests.PilTest#bookTicketForPilgrimage</h3><table class="result"><tr><th class="invisible"/></tr></table><p class="totop"><a href="#summary">back to summary</a></p>
<h3 id="m3">tests.RedBushomePageTest#bookTicketForRedBus</h3><table class="result"><tr><th class="invisible"/></tr></table><p class="totop"><a href="#summary">back to summary</a></p>
</body>
</html>
