<?xml version="1.0" encoding="UTF-8"?>
<testng-results skipped="1" failed="1" ignored="0" total="4" passed="2">
  <reporter-output>
  </reporter-output>
  <suite name="Suite" duration-ms="67026" started-at="2020-08-01T06:18:16Z" finished-at="2020-08-01T06:19:23Z">
    <groups>
    </groups>
    <test name="Test" duration-ms="67026" started-at="2020-08-01T06:18:16Z" finished-at="2020-08-01T06:19:23Z">
      <class name="tests.RedBushomePageTest">
        <test-method status="PASS" signature="launchDriver()[pri:0, instance:tests.RedBushomePageTest@443118b0]" name="launchDriver" is-config="true" duration-ms="7453" started-at="2020-08-01T06:18:16Z" finished-at="2020-08-01T06:18:24Z">
          <reporter-output>
          </reporter-output>
        </test-method> <!-- launchDriver -->
        <test-method status="PASS" signature="launchURL()[pri:0, instance:tests.RedBushomePageTest@443118b0]" name="launchURL" is-config="true" duration-ms="2789" started-at="2020-08-01T06:18:24Z" finished-at="2020-08-01T06:18:27Z">
          <reporter-output>
          </reporter-output>
        </test-method> <!-- launchURL -->
        <test-method status="PASS" signature="bookTicketForRedBus()[pri:0, instance:tests.RedBushomePageTest@443118b0]" name="bookTicketForRedBus" duration-ms="11602" started-at="2020-08-01T06:18:27Z" finished-at="2020-08-01T06:18:38Z">
          <reporter-output>
          </reporter-output>
        </test-method> <!-- bookTicketForRedBus -->
        <test-method status="PASS" signature="launchURL()[pri:0, instance:tests.RedBushomePageTest@443118b0]" name="launchURL" is-config="true" duration-ms="804" started-at="2020-08-01T06:18:38Z" finished-at="2020-08-01T06:18:39Z">
          <reporter-output>
          </reporter-output>
        </test-method> <!-- launchURL -->
        <test-method status="SKIP" signature="checkLogoOfRedBusHomePage()[pri:0, instance:tests.RedBushomePageTest@443118b0]" name="checkLogoOfRedBusHomePage" duration-ms="3" started-at="2020-08-01T06:18:39Z" finished-at="2020-08-01T06:18:39Z">
          <exception class="org.testng.SkipException">
            <message>
              <![CDATA[It is skipped as implementation is going on]]>
            </message>
            <full-stacktrace>
              <![CDATA[org.testng.SkipException: It is skipped as implementation is going on
at tests.RedBushomePageTest.checkLogoOfRedBusHomePage(RedBushomePageTest.java:49)
at sun.reflect.NativeMethodAccessorImpl.invoke0(Native Method)
at sun.reflect.NativeMethodAccessorImpl.invoke(Unknown Source)
at sun.reflect.DelegatingMethodAccessorImpl.invoke(Unknown Source)
at java.lang.reflect.Method.invoke(Unknown Source)
at org.testng.internal.MethodInvocationHelper.invokeMethod(MethodInvocationHelper.java:124)
at org.testng.internal.Invoker.invokeMethod(Invoker.java:583)
at org.testng.internal.Invoker.invokeTestMethod(Invoker.java:719)
at org.testng.internal.Invoker.invokeTestMethods(Invoker.java:989)
at org.testng.internal.TestMethodWorker.invokeTestMethods(TestMethodWorker.java:125)
at org.testng.internal.TestMethodWorker.run(TestMethodWorker.java:109)
at org.testng.TestRunner.privateRun(TestRunner.java:648)
at org.testng.TestRunner.run(TestRunner.java:505)
at org.testng.SuiteRunner.runTest(SuiteRunner.java:455)
at org.testng.SuiteRunner.runSequentially(SuiteRunner.java:450)
at org.testng.SuiteRunner.privateRun(SuiteRunner.java:415)
at org.testng.SuiteRunner.run(SuiteRunner.java:364)
at org.testng.SuiteRunnerWorker.runSuite(SuiteRunnerWorker.java:52)
at org.testng.SuiteRunnerWorker.run(SuiteRunnerWorker.java:84)
at org.testng.TestNG.runSuitesSequentially(TestNG.java:1208)
at org.testng.TestNG.runSuitesLocally(TestNG.java:1137)
at org.testng.TestNG.runSuites(TestNG.java:1049)
at org.testng.TestNG.run(TestNG.java:1017)
at org.testng.remote.AbstractRemoteTestNG.run(AbstractRemoteTestNG.java:115)
at org.testng.remote.RemoteTestNG.initAndRun(RemoteTestNG.java:251)
at org.testng.remote.RemoteTestNG.main(RemoteTestNG.java:77)
]]>
            </full-stacktrace>
          </exception> <!-- org.testng.SkipException -->
          <reporter-output>
          </reporter-output>
        </test-method> <!-- checkLogoOfRedBusHomePage -->
        <test-method status="PASS" signature="launchURL()[pri:0, instance:tests.RedBushomePageTest@443118b0]" name="launchURL" is-config="true" duration-ms="2792" started-at="2020-08-01T06:18:39Z" finished-at="2020-08-01T06:18:42Z">
          <reporter-output>
          </reporter-output>
        </test-method> <!-- launchURL -->
        <test-method status="FAIL" signature="checkTitleOfRedBusHomePage()[pri:0, instance:tests.RedBushomePageTest@443118b0]" name="checkTitleOfRedBusHomePage" duration-ms="164" started-at="2020-08-01T06:18:42Z" finished-at="2020-08-01T06:18:42Z">
          <exception class="java.lang.AssertionError">
            <message>
              <![CDATA[expected [Boo Bus Travels, AC Volvo Bus, rPool & Bus Hire - redBus India] but found [Book Bus Travels, AC Volvo Bus, rPool & Bus Hire - redBus India]]]>
            </message>
            <full-stacktrace>
              <![CDATA[java.lang.AssertionError: expected [Boo Bus Travels, AC Volvo Bus, rPool & Bus Hire - redBus India] but found [Book Bus Travels, AC Volvo Bus, rPool & Bus Hire - redBus India]
at org.testng.Assert.fail(Assert.java:96)
at org.testng.Assert.failNotEquals(Assert.java:776)
at org.testng.Assert.assertEqualsImpl(Assert.java:137)
at org.testng.Assert.assertEquals(Assert.java:118)
at org.testng.Assert.assertEquals(Assert.java:453)
at org.testng.Assert.assertEquals(Assert.java:463)
at tests.RedBushomePageTest.checkTitleOfRedBusHomePage(RedBushomePageTest.java:43)
at sun.reflect.NativeMethodAccessorImpl.invoke0(Native Method)
at sun.reflect.NativeMethodAccessorImpl.invoke(Unknown Source)
at sun.reflect.DelegatingMethodAccessorImpl.invoke(Unknown Source)
at java.lang.reflect.Method.invoke(Unknown Source)
at org.testng.internal.MethodInvocationHelper.invokeMethod(MethodInvocationHelper.java:124)
at org.testng.internal.Invoker.invokeMethod(Invoker.java:583)
at org.testng.internal.Invoker.invokeTestMethod(Invoker.java:719)
at org.testng.internal.Invoker.invokeTestMethods(Invoker.java:989)
at org.testng.internal.TestMethodWorker.invokeTestMethods(TestMethodWorker.java:125)
at org.testng.internal.TestMethodWorker.run(TestMethodWorker.java:109)
at org.testng.TestRunner.privateRun(TestRunner.java:648)
at org.testng.TestRunner.run(TestRunner.java:505)
at org.testng.SuiteRunner.runTest(SuiteRunner.java:455)
at org.testng.SuiteRunner.runSequentially(SuiteRunner.java:450)
at org.testng.SuiteRunner.privateRun(SuiteRunner.java:415)
at org.testng.SuiteRunner.run(SuiteRunner.java:364)
at org.testng.SuiteRunnerWorker.runSuite(SuiteRunnerWorker.java:52)
at org.testng.SuiteRunnerWorker.run(SuiteRunnerWorker.java:84)
at org.testng.TestNG.runSuitesSequentially(TestNG.java:1208)
at org.testng.TestNG.runSuitesLocally(TestNG.java:1137)
at org.testng.TestNG.runSuites(TestNG.java:1049)
at org.testng.TestNG.run(TestNG.java:1017)
at org.testng.remote.AbstractRemoteTestNG.run(AbstractRemoteTestNG.java:115)
at org.testng.remote.RemoteTestNG.initAndRun(RemoteTestNG.java:251)
at org.testng.remote.RemoteTestNG.main(RemoteTestNG.java:77)
]]>
            </full-stacktrace>
          </exception> <!-- java.lang.AssertionError -->
          <reporter-output>
          </reporter-output>
        </test-method> <!-- checkTitleOfRedBusHomePage -->
        <test-method status="PASS" signature="closeDriver()[pri:0, instance:tests.RedBushomePageTest@443118b0]" name="closeDriver" is-config="true" duration-ms="2564" started-at="2020-08-01T06:18:47Z" finished-at="2020-08-01T06:18:50Z">
          <reporter-output>
          </reporter-output>
        </test-method> <!-- closeDriver -->
      </class> <!-- tests.RedBushomePageTest -->
      <class name="tests.PilTest">
        <test-method status="PASS" signature="launchDriver()[pri:0, instance:tests.PilTest@765d7657]" name="launchDriver" is-config="true" duration-ms="5481" started-at="2020-08-01T06:18:50Z" finished-at="2020-08-01T06:18:55Z">
          <reporter-output>
          </reporter-output>
        </test-method> <!-- launchDriver -->
        <test-method status="PASS" signature="launchURL()[pri:0, instance:tests.PilTest@765d7657]" name="launchURL" is-config="true" duration-ms="2903" started-at="2020-08-01T06:18:55Z" finished-at="2020-08-01T06:18:58Z">
          <reporter-output>
          </reporter-output>
        </test-method> <!-- launchURL -->
        <test-method status="PASS" signature="bookTicketForPilgrimage()[pri:0, instance:tests.PilTest@765d7657]" name="bookTicketForPilgrimage" duration-ms="24448" started-at="2020-08-01T06:18:58Z" finished-at="2020-08-01T06:19:23Z">
          <reporter-output>
          </reporter-output>
        </test-method> <!-- bookTicketForPilgrimage -->
        <test-method status="PASS" signature="closeDriver()[pri:0, instance:tests.PilTest@765d7657]" name="closeDriver" is-config="true" duration-ms="441" started-at="2020-08-01T06:19:23Z" finished-at="2020-08-01T06:19:23Z">
          <reporter-output>
          </reporter-output>
        </test-method> <!-- closeDriver -->
      </class> <!-- tests.PilTest -->
    </test> <!-- Test -->
  </suite> <!-- Suite -->
</testng-results>
